# JRE version: OpenJDK Runtime Environment Microsoft-40648 (11.0.16.1+1) (build 11.0.16.1+1-LTS)
# Java VM: OpenJDK 64-Bit Server VM Microsoft-40648 (11.0.16.1+1-LTS, mixed mode, tiered, compressed oops, g1 gc, windows-amd64)
Heap:
 garbage-first heap   total 1585152K, used 80529K [0x0000000705800000, 0x0000000800000000)
  region size 1024K, 4 young (4096K), 4 survivors (4096K)
 Metaspace       used 18096K, capacity 18356K, committed 18432K, reserved 1067008K
  class space    used 1662K, capacity 1788K, committed 1792K, reserved 1048576K
GC Heap History (20 events):
Event: 2.296 GC heap after
{Heap after GC invocations=43 (full 0):
 garbage-first heap   total 166912K, used 35558K [0x0000000705800000, 0x0000000800000000)
  region size 1024K, 1 young (1024K), 1 survivors (1024K)
 Metaspace       used 15190K, capacity 15472K, committed 15744K, reserved 1062912K
  class space    used 1508K, capacity 1607K, committed 1664K, reserved 1048576K
}
Event: 2.431 GC heap before
{Heap before GC invocations=43 (full 0):
 garbage-first heap   total 166912K, used 43750K [0x0000000705800000, 0x0000000800000000)
  region size 1024K, 8 young (8192K), 1 survivors (1024K)
 Metaspace       used 15321K, capacity 15615K, committed 15744K, reserved 1062912K
  class space    used 1518K, capacity 1612K, committed 1664K, reserved 1048576K
}
Event: 2.433 GC heap after
{Heap after GC invocations=44 (full 0):
 garbage-first heap   total 166912K, used 38808K [0x0000000705800000, 0x0000000800000000)
  region size 1024K, 1 young (1024K), 1 survivors (1024K)
 Metaspace       used 15321K, capacity 15615K, committed 15744K, reserved 1062912K
  class space    used 1518K, capacity 1612K, committed 1664K, reserved 1048576K
}
Event: 2.498 GC heap before
{Heap before GC invocations=44 (full 0):
 garbage-first heap   total 166912K, used 47000K [0x0000000705800000, 0x0000000800000000)
  region size 1024K, 9 young (9216K), 1 survivors (1024K)
 Metaspace       used 15788K, capacity 16122K, committed 16384K, reserved 1064960K
  class space    used 1555K, capacity 1693K, committed 1792K, reserved 1048576K
}
Event: 2.504 GC heap after
{Heap after GC invocations=45 (full 0):
 garbage-first heap   total 264192K, used 42089K [0x0000000705800000, 0x0000000800000000)
  region size 1024K, 2 young (2048K), 2 survivors (2048K)
 Metaspace       used 15788K, capacity 16122K, committed 16384K, reserved 1064960K
  class space    used 1555K, capacity 1693K, committed 1792K, reserved 1048576K
}
Event: 2.537 GC heap before
{Heap before GC invocations=45 (full 0):
 garbage-first heap   total 264192K, used 52329K [0x0000000705800000, 0x0000000800000000)
  region size 1024K, 12 young (12288K), 2 survivors (2048K)
 Metaspace       used 15837K, capacity 16189K, committed 16384K, reserved 1064960K
  class space    used 1555K, capacity 1694K, committed 1792K, reserved 1048576K
}
Event: 2.544 GC heap after
{Heap after GC invocations=46 (full 0):
 garbage-first heap   total 264192K, used 49092K [0x0000000705800000, 0x0000000800000000)
  region size 1024K, 2 young (2048K), 2 survivors (2048K)
 Metaspace       used 15837K, capacity 16189K, committed 16384K, reserved 1064960K
  class space    used 1555K, capacity 1694K, committed 1792K, reserved 1048576K
}
Event: 2.558 GC heap before
{Heap before GC invocations=46 (full 0):
 garbage-first heap   total 264192K, used 60356K [0x0000000705800000, 0x0000000800000000)
  region size 1024K, 13 young (13312K), 2 survivors (2048K)
 Metaspace       used 15844K, capacity 16189K, committed 16384K, reserved 1064960K
  class space    used 1555K, capacity 1694K, committed 1792K, reserved 1048576K
}
Event: 2.566 GC heap after
{Heap after GC invocations=47 (full 0):
 garbage-first heap   total 264192K, used 58233K [0x0000000705800000, 0x0000000800000000)
  region size 1024K, 2 young (2048K), 2 survivors (2048K)
 Metaspace       used 15844K, capacity 16189K, committed 16384K, reserved 1064960K
  class space    used 1555K, capacity 1694K, committed 1792K, reserved 1048576K
}
Event: 2.620 GC heap before
{Heap before GC invocations=47 (full 0):
 garbage-first heap   total 264192K, used 72569K [0x0000000705800000, 0x0000000800000000)
  region size 1024K, 14 young (14336K), 2 survivors (2048K)
 Metaspace       used 16016K, capacity 16319K, committed 16640K, reserved 1064960K
  class space    used 1559K, capacity 1694K, committed 1792K, reserved 1048576K
}
Event: 2.626 GC heap after
{Heap after GC invocations=48 (full 0):
 garbage-first heap   total 264192K, used 65796K [0x0000000705800000, 0x0000000800000000)
  region size 1024K, 2 young (2048K), 2 survivors (2048K)
 Metaspace       used 16016K, capacity 16319K, committed 16640K, reserved 1064960K
  class space    used 1559K, capacity 1694K, committed 1792K, reserved 1048576K
}
Event: 2.713 GC heap before
{Heap before GC invocations=48 (full 0):
 garbage-first heap   total 264192K, used 81156K [0x0000000705800000, 0x0000000800000000)
  region size 1024K, 17 young (17408K), 2 survivors (2048K)
 Metaspace       used 16148K, capacity 16460K, committed 16640K, reserved 1064960K
  class space    used 1560K, capacity 1695K, committed 1792K, reserved 1048576K
}
Event: 2.910 GC heap after
{Heap after GC invocations=49 (full 0):
 garbage-first heap   total 528384K, used 69448K [0x0000000705800000, 0x0000000800000000)
  region size 1024K, 3 young (3072K), 3 survivors (3072K)
 Metaspace       used 16148K, capacity 16460K, committed 16640K, reserved 1064960K
  class space    used 1560K, capacity 1695K, committed 1792K, reserved 1048576K
}
Event: 3.031 GC heap before
{Heap before GC invocations=49 (full 0):
 garbage-first heap   total 528384K, used 91976K [0x0000000705800000, 0x0000000800000000)
  region size 1024K, 25 young (25600K), 3 survivors (3072K)
 Metaspace       used 16244K, capacity 16605K, committed 16896K, reserved 1064960K
  class space    used 1563K, capacity 1699K, committed 1792K, reserved 1048576K
}
Event: 3.039 GC heap after
{Heap after GC invocations=50 (full 0):
 garbage-first heap   total 528384K, used 73782K [0x0000000705800000, 0x0000000800000000)
  region size 1024K, 4 young (4096K), 4 survivors (4096K)
 Metaspace       used 16244K, capacity 16605K, committed 16896K, reserved 1064960K
  class space    used 1563K, capacity 1699K, committed 1792K, reserved 1048576K
}
Event: 3.420 GC heap before
{Heap before GC invocations=50 (full 0):
 garbage-first heap   total 528384K, used 95286K [0x0000000705800000, 0x0000000800000000)
  region size 1024K, 25 young (25600K), 4 survivors (4096K)
 Metaspace       used 17477K, capacity 17774K, committed 17920K, reserved 1064960K
  class space    used 1660K, capacity 1788K, committed 1792K, reserved 1048576K
}
Event: 3.426 GC heap after
{Heap after GC invocations=51 (full 0):
 garbage-first heap   total 528384K, used 76821K [0x0000000705800000, 0x0000000800000000)
  region size 1024K, 3 young (3072K), 3 survivors (3072K)
 Metaspace       used 17477K, capacity 17774K, committed 17920K, reserved 1064960K
  class space    used 1660K, capacity 1788K, committed 1792K, reserved 1048576K
}
Event: 3.858 GC heap before
{Heap before GC invocations=51 (full 0):
 garbage-first heap   total 528384K, used 101397K [0x0000000705800000, 0x0000000800000000)
  region size 1024K, 27 young (27648K), 3 survivors (3072K)
 Metaspace       used 17866K, capacity 18160K, committed 18176K, reserved 1064960K
  class space    used 1661K, capacity 1788K, committed 1792K, reserved 1048576K
}
Event: 3.863 GC heap after
{Heap after GC invocations=52 (full 0):
 garbage-first heap   total 528384K, used 78590K [0x0000000705800000, 0x0000000800000000)
  region size 1024K, 2 young (2048K), 2 survivors (2048K)
 Metaspace       used 17866K, capacity 18160K, committed 18176K, reserved 1064960K
  class space    used 1661K, capacity 1788K, committed 1792K, reserved 1048576K
}
Event: 4.184 GC heap before
{Heap before GC invocations=52 (full 0):
 garbage-first heap   total 528384K, used 113406K [0x0000000705800000, 0x0000000800000000)
  region size 1024K, 36 young (36864K), 2 survivors (2048K)
 Metaspace       used 18096K, capacity 18356K, committed 18432K, reserved 1067008K
  class space    used 1662K, capacity 1788K, committed 1792K, reserved 1048576K
}

